[debug] [2024-01-30T05:38:29.661Z] ----------------------------------------------------------------------
[debug] [2024-01-30T05:38:29.666Z] Command:       C:\Program Files\nodejs\node.exe C:\Users\sony\AppData\Roaming\npm\node_modules\firebase-tools\lib\bin\firebase.js init
[debug] [2024-01-30T05:38:29.667Z] CLI Version:   13.1.0
[debug] [2024-01-30T05:38:29.667Z] Platform:      win32
[debug] [2024-01-30T05:38:29.668Z] Node Version:  v20.11.0
[debug] [2024-01-30T05:38:29.668Z] Time:          Tue Jan 30 2024 11:08:29 GMT+0530 (India Standard Time)
[debug] [2024-01-30T05:38:29.668Z] ----------------------------------------------------------------------
[debug] 
[debug] [2024-01-30T05:38:29.679Z] > command requires scopes: ["email","openid","https://www.googleapis.com/auth/cloudplatformprojects.readonly","https://www.googleapis.com/auth/firebase","https://www.googleapis.com/auth/cloud-platform"]
[debug] [2024-01-30T05:38:29.679Z] > authorizing via signed-in user (neo282634@gmail.com)
[info] 
     ######## #### ########  ######## ########     ###     ######  ########
     ##        ##  ##     ## ##       ##     ##  ##   ##  ##       ##
     ######    ##  ########  ######   ########  #########  ######  ######
     ##        ##  ##    ##  ##       ##     ## ##     ##       ## ##
     ##       #### ##     ## ######## ########  ##     ##  ######  ########

You're about to initialize a Firebase project in this directory:

  C:\proj\kabaddi

Before we get started, keep in mind:

  * You are currently outside your home directory

